# JRE version: OpenJDK Runtime Environment (11.0.2+9) (build 11.0.2+9)
# Java VM: OpenJDK 64-Bit Server VM (11.0.2+9, mixed mode, tiered, compressed oops, g1 gc, windows-amd64)
Heap:
 garbage-first heap   total 194560K, used 167595K [0x0000000740000000, 0x0000000800000000)
  region size 1024K, 55 young (56320K), 1 survivors (1024K)
 Metaspace       used 99088K, capacity 101783K, committed 101840K, reserved 1136640K
  class space    used 13713K, capacity 14928K, committed 14976K, reserved 1048576K
GC Heap History (10 events):
Event: 2661.910 GC heap before
{Heap before GC invocations=264 (full 5):
 garbage-first heap   total 194560K, used 174003K [0x0000000740000000, 0x0000000800000000)
  region size 1024K, 60 young (61440K), 0 survivors (0K)
 Metaspace       used 99023K, capacity 101751K, committed 101840K, reserved 1136640K
  class space    used 13696K, capacity 14896K, committed 14976K, reserved 1048576K
}
Event: 2661.912 GC heap after
{Heap after GC invocations=265 (full 5):
 garbage-first heap   total 194560K, used 113369K [0x0000000740000000, 0x0000000800000000)
  region size 1024K, 1 young (1024K), 1 survivors (1024K)
 Metaspace       used 99023K, capacity 101751K, committed 101840K, reserved 1136640K
  class space    used 13696K, capacity 14896K, committed 14976K, reserved 1048576K
}
Event: 2665.036 GC heap before
{Heap before GC invocations=266 (full 5):
 garbage-first heap   total 194560K, used 166617K [0x0000000740000000, 0x0000000800000000)
  region size 1024K, 54 young (55296K), 1 survivors (1024K)
 Metaspace       used 99038K, capacity 101751K, committed 101840K, reserved 1136640K
  class space    used 13696K, capacity 14896K, committed 14976K, reserved 1048576K
}
Event: 2665.039 GC heap after
{Heap after GC invocations=267 (full 5):
 garbage-first heap   total 194560K, used 113267K [0x0000000740000000, 0x0000000800000000)
  region size 1024K, 1 young (1024K), 1 survivors (1024K)
 Metaspace       used 99038K, capacity 101751K, committed 101840K, reserved 1136640K
  class space    used 13696K, capacity 14896K, committed 14976K, reserved 1048576K
}
Event: 2692.116 GC heap before
{Heap before GC invocations=268 (full 5):
 garbage-first heap   total 194560K, used 178803K [0x0000000740000000, 0x0000000800000000)
  region size 1024K, 60 young (61440K), 1 survivors (1024K)
 Metaspace       used 99039K, capacity 101751K, committed 101840K, reserved 1136640K
  class space    used 13696K, capacity 14896K, committed 14976K, reserved 1048576K
}
Event: 2692.118 GC heap after
{Heap after GC invocations=269 (full 5):
 garbage-first heap   total 194560K, used 118335K [0x0000000740000000, 0x0000000800000000)
  region size 1024K, 1 young (1024K), 1 survivors (1024K)
 Metaspace       used 99039K, capacity 101751K, committed 101840K, reserved 1136640K
  class space    used 13696K, capacity 14896K, committed 14976K, reserved 1048576K
}
Event: 2698.488 GC heap before
{Heap before GC invocations=269 (full 5):
 garbage-first heap   total 194560K, used 178751K [0x0000000740000000, 0x0000000800000000)
  region size 1024K, 60 young (61440K), 1 survivors (1024K)
 Metaspace       used 99051K, capacity 101751K, committed 101840K, reserved 1136640K
  class space    used 13696K, capacity 14896K, committed 14976K, reserved 1048576K
}
Event: 2698.490 GC heap after
{Heap after GC invocations=270 (full 5):
 garbage-first heap   total 194560K, used 118422K [0x0000000740000000, 0x0000000800000000)
  region size 1024K, 1 young (1024K), 1 survivors (1024K)
 Metaspace       used 99051K, capacity 101751K, committed 101840K, reserved 1136640K
  class space    used 13696K, capacity 14896K, committed 14976K, reserved 1048576K
}
Event: 2710.910 GC heap before
{Heap before GC invocations=271 (full 5):
 garbage-first heap   total 194560K, used 173718K [0x0000000740000000, 0x0000000800000000)
  region size 1024K, 60 young (61440K), 1 survivors (1024K)
 Metaspace       used 99057K, capacity 101751K, committed 101840K, reserved 1136640K
  class space    used 13696K, capacity 14896K, committed 14976K, reserved 1048576K
}
Event: 2710.913 GC heap after
{Heap after GC invocations=272 (full 5):
 garbage-first heap   total 194560K, used 113323K [0x0000000740000000, 0x0000000800000000)
  region size 1024K, 1 young (1024K), 1 survivors (1024K)
 Metaspace       used 99057K, capacity 101751K, committed 101840K, reserved 1136640K
  class space    used 13696K, capacity 14896K, committed 14976K, reserved 1048576K
}

